[INFO] Log file: /tmp/GovCompDisc_Log_20220714084630.log 
[INFO] Run correlation id: 016a8941-712c-497f-8421-a6b706bb373e 

[INFO] Attempting to load default detectors 
[INFO] 20 detectors were found in Microsoft.ComponentDetection.Detectors
 
[WARN] Provided search path /home/simon/code/foreign/component-detection/src/Microsoft.ComponentDetection/bin/Debug/netcoreapp3.1/Plugins does not exist. 
[VERBOSE] Finished applying restrictions to detectors. 


[INFO] Finding components... 
[INFO] No instructions received to scan docker images. 
[VERBOSE] Cargo.lock 
[VERBOSE] yarn.lock 
[VERBOSE] pom.xml 
[VERBOSE] project.assets.json 
[VERBOSE] Podfile.lock 
[VERBOSE] shrinkwrap.yaml:pnpm-lock.yaml 
[VERBOSE] *.nupkg:*.nuspec:nuget.config 
[VERBOSE] package-lock.json:npm-shrinkwrap.json:lerna.json 
[VERBOSE] Cargo.lock 
[VERBOSE] poetry.lock 
[VERBOSE] ivy.xml 
[VERBOSE] Gemfile.lock 
[VERBOSE] package.json 
[VERBOSE] *.lockfile 
[VERBOSE] go.mod:go.sum 
[VERBOSE] setup.py:requirements.txt 
[VERBOSE] Registered Microsoft.ComponentDetection.Detectors.NuGet.NuGetProjectModelProjectCentricComponentDetector 
[VERBOSE] Registered Microsoft.ComponentDetection.Detectors.Pip.PipComponentDetector 
[VERBOSE] Registered Microsoft.ComponentDetection.Detectors.NuGet.NuGetComponentDetector 
[VERBOSE] Registered Microsoft.ComponentDetection.Detectors.Maven.MvnCliComponentDetector 
[VERBOSE] Registered Microsoft.ComponentDetection.Detectors.Go.GoComponentDetector 
[VERBOSE] Registered Microsoft.ComponentDetection.Detectors.Ruby.RubyComponentDetector 
[VERBOSE] Registered Microsoft.ComponentDetection.Detectors.Yarn.YarnLockComponentDetector 
[VERBOSE] Registered Microsoft.ComponentDetection.Detectors.Poetry.PoetryComponentDetector 
[VERBOSE] Registered Microsoft.ComponentDetection.Detectors.Rust.RustCrateDetector 
[VERBOSE] Registered Microsoft.ComponentDetection.Detectors.Ivy.IvyDetector 
[VERBOSE] Registered Microsoft.ComponentDetection.Detectors.Pnpm.PnpmComponentDetector 
[VERBOSE] Registered Microsoft.ComponentDetection.Detectors.Rust.RustCrateV2Detector 
[VERBOSE] Registered Microsoft.ComponentDetection.Detectors.Npm.NpmComponentDetectorWithRoots 
[VERBOSE] Registered Microsoft.ComponentDetection.Detectors.Npm.NpmComponentDetector 
[VERBOSE] Registered Microsoft.ComponentDetection.Detectors.Gradle.GradleComponentDetector 
[VERBOSE] Registered Microsoft.ComponentDetection.Detectors.CocoaPods.PodComponentDetector 
[INFO] Starting enumeration of /home/simon/code/current/plantwatch/ 
[VERBOSE] Skipping Ivy detection as ant is not available in the local PATH. 
[VERBOSE] Skipping maven detection as maven is not available in the local PATH. 
[INFO] Enumerated 99 files and 15 directories in 00:00:00.0151109 
[INFO] Getting Python data from https://pypi.org/pypi/asgiref/json 
[INFO] Getting Python data from https://pypi.org/pypi/Django/json 
[INFO] Getting Python data from https://pypi.org/pypi/django-filter/json 
[INFO] Getting Python data from https://pypi.org/pypi/djangorestframework/json 
[INFO] Getting Python data from https://pypi.org/pypi/Markdown/json 
[INFO] Getting Python data from https://pypi.org/pypi/MarkupSafe/json 
[INFO] Getting Python data from https://pypi.org/pypi/sqlparse/json 
[INFO] Getting Python data from https://files.pythonhosted.org/packages/0b/9f/5f3b91391578312827561b669a0397d58535b4e82966c8f1667525c7d563/asgiref-3.5.0-py3-none-any.whl 
[INFO] Getting Python data from https://pypi.org/pypi/typing-extensions/json 
[INFO] Getting Python data from https://files.pythonhosted.org/packages/66/90/bce00eb942fbc47b0774ac78910ee4e6f719572aad56dc238823e5d0ee54/Django-4.0.4-py3-none-any.whl 
[INFO] Getting Python data from https://pypi.org/pypi/backports.zoneinfo/json 
[INFO] Getting Python data from https://pypi.org/pypi/tzdata/json 
[INFO] Getting Python data from https://files.pythonhosted.org/packages/37/90/8fbf530e14dbcaf502cd80078cbae9e4f805f20888973488ebe8480c3c28/django_filter-21.1-py3-none-any.whl 
[INFO] Getting Python data from https://files.pythonhosted.org/packages/c8/45/2588c7c5a01a7da6822c6ffbc9a731d498c318a803a29ae780ec635ea41d/djangorestframework-3.13.1-py3-none-any.whl 
[INFO] Getting Python data from https://pypi.org/pypi/pytz/json 
[INFO] Getting Python data from https://files.pythonhosted.org/packages/9f/d4/2c7f83915d437736996b2674300c6c4b578a6f897f34e40f5c04db146719/Markdown-3.3.6-py3-none-any.whl 
[INFO] Getting Python data from https://pypi.org/pypi/importlib-metadata/json 
[INFO] Getting Python data from https://files.pythonhosted.org/packages/d9/60/94e9de017674f88a514804e2924bdede9a642aba179d2045214719d6ec76/MarkupSafe-2.1.1-cp310-cp310-macosx_10_9_universal2.whl 
[INFO] Getting Python data from https://files.pythonhosted.org/packages/05/40/d836d55fb3f467243ee839ab7b814822fda522cd395fa41e282684e71ee5/sqlparse-0.4.2-py3-none-any.whl 
[INFO] Getting Python data from https://files.pythonhosted.org/packages/ed/d6/2afc375a8d55b8be879d6b4986d4f69f01115e795e36827fd3a40166028b/typing_extensions-4.3.0-py3-none-any.whl 
[INFO] Getting Python data from https://files.pythonhosted.org/packages/33/1c/9357061860f5d3a09e1877aa4cf7c004c55eec40a1036761144ef24d8a1d/backports.zoneinfo-0.2.1-cp36-cp36m-macosx_10_14_x86_64.whl 
[INFO] Getting Python data from https://pypi.org/pypi/importlib-resources/json 
[INFO] Getting Python data from https://files.pythonhosted.org/packages/89/2d/49329ebec33b14dae61ecc8c85abe596341832fa36c4bcd3d99fddda018b/tzdata-2022.1-py2.py3-none-any.whl 
[INFO] Getting Python data from https://files.pythonhosted.org/packages/60/2e/dec1cc18c51b8df33c7c4d0a321b084cf38e1733b98f9d15018880fb4970/pytz-2022.1-py2.py3-none-any.whl 
[INFO] Getting Python data from https://files.pythonhosted.org/packages/d2/a2/8c239dc898138f208dd14b441b196e7b3032b94d3137d9d8453e186967fc/importlib_metadata-4.12.0-py3-none-any.whl 
[INFO] Getting Python data from https://pypi.org/pypi/zipp/json 
[INFO] Getting Python data from https://files.pythonhosted.org/packages/3c/a7/4e4a2176fed10ab233cc39b083ba4ec222ba52de2be606e3e2b5195264e9/importlib_resources-5.8.0-py3-none-any.whl 
[INFO] Getting Python data from https://files.pythonhosted.org/packages/f0/36/639d6742bcc3ffdce8b85c31d79fcfae7bb04b95f0e5c4c6f8b206a038cc/zipp-3.8.1-py3-none-any.whl 
[INFO]  
[INFO] _______________________________________________________________________________________________________________________________________ 
[INFO] |Component Detector Id         |Detection Time                |# Components Found            |# Explicitly Referenced                 | 
[INFO] |______________________________|______________________________|______________________________|________________________________________| 
[INFO] |CocoaPods                     |0.041 seconds                 |0                             |0                                       | 
[INFO] |______________________________|______________________________|______________________________|________________________________________| 
[INFO] |Go                            |0.041 seconds                 |0                             |0                                       | 
[INFO] |______________________________|______________________________|______________________________|________________________________________| 
[INFO] |Gradle                        |0.041 seconds                 |0                             |0                                       | 
[INFO] |______________________________|______________________________|______________________________|________________________________________| 
[INFO] |Ivy (Beta)                    |0.036 seconds                 |0                             |0                                       | 
[INFO] |______________________________|______________________________|______________________________|________________________________________| 
[INFO] |Linux                         |0.0052 seconds                |0                             |0                                       | 
[INFO] |______________________________|______________________________|______________________________|________________________________________| 
[INFO] |MvnCli                        |0.036 seconds                 |0                             |0                                       | 
[INFO] |______________________________|______________________________|______________________________|________________________________________| 
[INFO] |Npm                           |0.041 seconds                 |0                             |0                                       | 
[INFO] |______________________________|______________________________|______________________________|________________________________________| 
[INFO] |NpmWithRoots                  |0.041 seconds                 |0                             |0                                       | 
[INFO] |______________________________|______________________________|______________________________|________________________________________| 
[INFO] |NuGet                         |0.041 seconds                 |0                             |0                                       | 
[INFO] |______________________________|______________________________|______________________________|________________________________________| 
[INFO] |NuGetProjectCentric           |0.043 seconds                 |0                             |0                                       | 
[INFO] |______________________________|______________________________|______________________________|________________________________________| 
[INFO] |Pip                           |2.2 seconds                   |14                            |7                                       | 
[INFO] |______________________________|______________________________|______________________________|________________________________________| 
[INFO] |Pnpm                          |0.041 seconds                 |0                             |0                                       | 
[INFO] |______________________________|______________________________|______________________________|________________________________________| 
[INFO] |Poetry                        |0.042 seconds                 |0                             |0                                       | 
[INFO] |______________________________|______________________________|______________________________|________________________________________| 
[INFO] |Ruby                          |0.042 seconds                 |0                             |0                                       | 
[INFO] |______________________________|______________________________|______________________________|________________________________________| 
[INFO] |RustCrateDetector             |0.042 seconds                 |0                             |0                                       | 
[INFO] |______________________________|______________________________|______________________________|________________________________________| 
[INFO] |RustCrateV2Detector           |0.042 seconds                 |0                             |0                                       | 
[INFO] |______________________________|______________________________|______________________________|________________________________________| 
[INFO] |Yarn                          |0.043 seconds                 |0                             |0                                       | 
[INFO] |______________________________|______________________________|______________________________|________________________________________| 
[INFO] |Total                         |2.2 seconds                   |14                            |7                                       | 
[INFO] |______________________________|______________________________|______________________________|________________________________________| 
[INFO]  

[INFO] Detection time: 2.2334988 seconds. 
[INFO] Scan Manifest file: /tmp/ScanManifest_20220714084630.json 
